% mean class accuracy (train set)	
 5.3333e+01	
 7.9500e+01	
 8.7000e+01	
 9.0000e+01	
 9.2667e+01	
 9.4000e+01	
 9.4667e+01	
 9.6000e+01	
 9.6333e+01	
 9.6833e+01	
 9.7333e+01	
 9.7667e+01	
 9.8000e+01	
 9.8000e+01	
 9.8500e+01	
 9.9000e+01	
 9.9000e+01	
 9.9167e+01	
 9.9167e+01	
 9.9167e+01	
 9.9500e+01	
 9.9833e+01	
 9.9667e+01	
 9.9833e+01	
 1.0000e+02	
 1.0000e+02	
 1.0000e+02	
 1.0000e+02	
 1.0000e+02	
 1.0000e+02	
 1.0000e+02	
 1.0000e+02	
 1.0000e+02	
 1.0000e+02	
 1.0000e+02	
 1.0000e+02	
 1.0000e+02	
 1.0000e+02	
 1.0000e+02	
 1.0000e+02	
 1.0000e+02	
 1.0000e+02	
 1.0000e+02	
 1.0000e+02	
 1.0000e+02	
 1.0000e+02	
 1.0000e+02	
 1.0000e+02	
 1.0000e+02	
 1.0000e+02	
 1.0000e+02	
 1.0000e+02	
 1.0000e+02	
 1.0000e+02	
 1.0000e+02	
 1.0000e+02	
 1.0000e+02	
 1.0000e+02	
 1.0000e+02	
 1.0000e+02	
 1.0000e+02	
 1.0000e+02	
 1.0000e+02	
 1.0000e+02	
 1.0000e+02	
 1.0000e+02	
 1.0000e+02	
 1.0000e+02	
 1.0000e+02	
 1.0000e+02	
 1.0000e+02	
 1.0000e+02	
 1.0000e+02	
 1.0000e+02	
 1.0000e+02	
 1.0000e+02	
 1.0000e+02	
 1.0000e+02	
 1.0000e+02	
 1.0000e+02	
 1.0000e+02	
 1.0000e+02	
 1.0000e+02	
 1.0000e+02	
 1.0000e+02	
 1.0000e+02	
 1.0000e+02	
 1.0000e+02	
 1.0000e+02	
 1.0000e+02	
 1.0000e+02	
 1.0000e+02	
 1.0000e+02	
 1.0000e+02	
 1.0000e+02	
 1.0000e+02	
 1.0000e+02	
